[debug] [2023-03-20T03:40:18.883Z] ----------------------------------------------------------------------
[debug] [2023-03-20T03:40:18.884Z] Command:       /Users/choejiyeon/.nvm/versions/node/v16.14.2/bin/node /Users/choejiyeon/Desktop/Outsourcing/K&C CAPITAL MANAGEMENT/node_modules/.bin/firebase deploy --only functions
[debug] [2023-03-20T03:40:18.885Z] CLI Version:   11.24.1
[debug] [2023-03-20T03:40:18.885Z] Platform:      darwin
[debug] [2023-03-20T03:40:18.885Z] Node Version:  v16.14.2
[debug] [2023-03-20T03:40:18.885Z] Time:          Mon Mar 20 2023 12:40:18 GMT+0900 (대한민국 표준시)
[debug] [2023-03-20T03:40:18.886Z] ----------------------------------------------------------------------
[debug] 
[debug] [2023-03-20T03:40:18.917Z] > command requires scopes: ["email","openid","https://www.googleapis.com/auth/cloudplatformprojects.readonly","https://www.googleapis.com/auth/firebase","https://www.googleapis.com/auth/cloud-platform"]
[debug] [2023-03-20T03:40:18.917Z] > authorizing via signed-in user (jurneyx2@gmail.com)
[debug] [2023-03-20T03:40:18.918Z] [iam] checking project send-email-134f4 for permissions ["cloudfunctions.functions.create","cloudfunctions.functions.delete","cloudfunctions.functions.get","cloudfunctions.functions.list","cloudfunctions.functions.update","cloudfunctions.operations.get","firebase.projects.get"]
[debug] [2023-03-20T03:40:18.919Z] >>> [apiv2][query] POST https://cloudresourcemanager.googleapis.com/v1/projects/send-email-134f4:testIamPermissions [none]
[debug] [2023-03-20T03:40:18.919Z] >>> [apiv2][(partial)header] POST https://cloudresourcemanager.googleapis.com/v1/projects/send-email-134f4:testIamPermissions x-goog-quota-user=projects/send-email-134f4
[debug] [2023-03-20T03:40:18.919Z] >>> [apiv2][body] POST https://cloudresourcemanager.googleapis.com/v1/projects/send-email-134f4:testIamPermissions {"permissions":["cloudfunctions.functions.create","cloudfunctions.functions.delete","cloudfunctions.functions.get","cloudfunctions.functions.list","cloudfunctions.functions.update","cloudfunctions.operations.get","firebase.projects.get"]}
[debug] [2023-03-20T03:40:19.701Z] <<< [apiv2][status] POST https://cloudresourcemanager.googleapis.com/v1/projects/send-email-134f4:testIamPermissions 200
[debug] [2023-03-20T03:40:19.701Z] <<< [apiv2][body] POST https://cloudresourcemanager.googleapis.com/v1/projects/send-email-134f4:testIamPermissions {"permissions":["cloudfunctions.functions.create","cloudfunctions.functions.delete","cloudfunctions.functions.get","cloudfunctions.functions.list","cloudfunctions.functions.update","cloudfunctions.operations.get","firebase.projects.get"]}
[debug] [2023-03-20T03:40:19.701Z] >>> [apiv2][query] POST https://iam.googleapis.com/v1/projects/send-email-134f4/serviceAccounts/send-email-134f4@appspot.gserviceaccount.com:testIamPermissions [none]
[debug] [2023-03-20T03:40:19.701Z] >>> [apiv2][body] POST https://iam.googleapis.com/v1/projects/send-email-134f4/serviceAccounts/send-email-134f4@appspot.gserviceaccount.com:testIamPermissions {"permissions":["iam.serviceAccounts.actAs"]}
[debug] [2023-03-20T03:40:20.068Z] <<< [apiv2][status] POST https://iam.googleapis.com/v1/projects/send-email-134f4/serviceAccounts/send-email-134f4@appspot.gserviceaccount.com:testIamPermissions 200
[debug] [2023-03-20T03:40:20.068Z] <<< [apiv2][body] POST https://iam.googleapis.com/v1/projects/send-email-134f4/serviceAccounts/send-email-134f4@appspot.gserviceaccount.com:testIamPermissions {"permissions":["iam.serviceAccounts.actAs"]}
[info] 
[info] === Deploying to 'send-email-134f4'...
[info] 
[info] i  deploying functions 
[debug] [2023-03-20T03:40:20.069Z] >>> [apiv2][query] GET https://firebase.googleapis.com/v1beta1/projects/send-email-134f4 [none]
[debug] [2023-03-20T03:40:20.479Z] <<< [apiv2][status] GET https://firebase.googleapis.com/v1beta1/projects/send-email-134f4 200
[debug] [2023-03-20T03:40:20.479Z] <<< [apiv2][body] GET https://firebase.googleapis.com/v1beta1/projects/send-email-134f4 {"projectId":"send-email-134f4","projectNumber":"258460552054","displayName":"Send Email","name":"projects/send-email-134f4","resources":{"hostingSite":"send-email-134f4"},"state":"ACTIVE","etag":"1_668399af-de6e-4cd0-be52-ca86c81a8561"}
[info] i  functions: preparing codebase default for deployment 
[info] i  functions: ensuring required API cloudfunctions.googleapis.com is enabled... 
[info] i  functions: ensuring required API cloudbuild.googleapis.com is enabled... 
[info] i  artifactregistry: ensuring required API artifactregistry.googleapis.com is enabled... 
[debug] [2023-03-20T03:40:20.480Z] >>> [apiv2][query] GET https://serviceusage.googleapis.com/v1/projects/send-email-134f4/services/cloudfunctions.googleapis.com [none]
[debug] [2023-03-20T03:40:20.480Z] >>> [apiv2][(partial)header] GET https://serviceusage.googleapis.com/v1/projects/send-email-134f4/services/cloudfunctions.googleapis.com x-goog-quota-user=projects/send-email-134f4
[debug] [2023-03-20T03:40:20.481Z] >>> [apiv2][query] GET https://serviceusage.googleapis.com/v1/projects/send-email-134f4/services/runtimeconfig.googleapis.com [none]
[debug] [2023-03-20T03:40:20.481Z] >>> [apiv2][(partial)header] GET https://serviceusage.googleapis.com/v1/projects/send-email-134f4/services/runtimeconfig.googleapis.com x-goog-quota-user=projects/send-email-134f4
[debug] [2023-03-20T03:40:20.482Z] >>> [apiv2][query] GET https://serviceusage.googleapis.com/v1/projects/send-email-134f4/services/cloudbuild.googleapis.com [none]
[debug] [2023-03-20T03:40:20.482Z] >>> [apiv2][(partial)header] GET https://serviceusage.googleapis.com/v1/projects/send-email-134f4/services/cloudbuild.googleapis.com x-goog-quota-user=projects/send-email-134f4
[debug] [2023-03-20T03:40:20.482Z] >>> [apiv2][query] GET https://serviceusage.googleapis.com/v1/projects/send-email-134f4/services/artifactregistry.googleapis.com [none]
[debug] [2023-03-20T03:40:20.482Z] >>> [apiv2][(partial)header] GET https://serviceusage.googleapis.com/v1/projects/send-email-134f4/services/artifactregistry.googleapis.com x-goog-quota-user=projects/send-email-134f4
[debug] [2023-03-20T03:40:21.633Z] <<< [apiv2][status] GET https://serviceusage.googleapis.com/v1/projects/send-email-134f4/services/runtimeconfig.googleapis.com 200
[debug] [2023-03-20T03:40:21.633Z] <<< [apiv2][body] GET https://serviceusage.googleapis.com/v1/projects/send-email-134f4/services/runtimeconfig.googleapis.com [omitted]
[debug] [2023-03-20T03:40:21.635Z] <<< [apiv2][status] GET https://serviceusage.googleapis.com/v1/projects/send-email-134f4/services/cloudfunctions.googleapis.com 200
[debug] [2023-03-20T03:40:21.635Z] <<< [apiv2][body] GET https://serviceusage.googleapis.com/v1/projects/send-email-134f4/services/cloudfunctions.googleapis.com [omitted]
[info] ✔  functions: required API cloudfunctions.googleapis.com is enabled 
[debug] [2023-03-20T03:40:21.637Z] <<< [apiv2][status] GET https://serviceusage.googleapis.com/v1/projects/send-email-134f4/services/cloudbuild.googleapis.com 200
[debug] [2023-03-20T03:40:21.637Z] <<< [apiv2][body] GET https://serviceusage.googleapis.com/v1/projects/send-email-134f4/services/cloudbuild.googleapis.com [omitted]
[info] ✔  functions: required API cloudbuild.googleapis.com is enabled 
[debug] [2023-03-20T03:40:21.656Z] <<< [apiv2][status] GET https://serviceusage.googleapis.com/v1/projects/send-email-134f4/services/artifactregistry.googleapis.com 200
[debug] [2023-03-20T03:40:21.656Z] <<< [apiv2][body] GET https://serviceusage.googleapis.com/v1/projects/send-email-134f4/services/artifactregistry.googleapis.com [omitted]
[info] ✔  artifactregistry: required API artifactregistry.googleapis.com is enabled 
[debug] [2023-03-20T03:40:21.657Z] >>> [apiv2][query] GET https://firebase.googleapis.com/v1beta1/projects/send-email-134f4/adminSdkConfig [none]
[debug] [2023-03-20T03:40:22.041Z] <<< [apiv2][status] GET https://firebase.googleapis.com/v1beta1/projects/send-email-134f4/adminSdkConfig 200
[debug] [2023-03-20T03:40:22.041Z] <<< [apiv2][body] GET https://firebase.googleapis.com/v1beta1/projects/send-email-134f4/adminSdkConfig {"projectId":"send-email-134f4","storageBucket":"send-email-134f4.appspot.com"}
[debug] [2023-03-20T03:40:22.042Z] >>> [apiv2][query] GET https://runtimeconfig.googleapis.com/v1beta1/projects/send-email-134f4/configs [none]
[debug] [2023-03-20T03:40:22.498Z] <<< [apiv2][status] GET https://runtimeconfig.googleapis.com/v1beta1/projects/send-email-134f4/configs 200
[debug] [2023-03-20T03:40:22.498Z] <<< [apiv2][body] GET https://runtimeconfig.googleapis.com/v1beta1/projects/send-email-134f4/configs {}
[debug] [2023-03-20T03:40:22.500Z] Validating nodejs source
[debug] [2023-03-20T03:40:22.798Z] > [functions] package.json contents: {
  "name": "functions",
  "description": "Cloud Functions for Firebase",
  "scripts": {
    "serve": "firebase emulators:start --only functions",
    "shell": "firebase functions:shell",
    "start": "npm run shell",
    "deploy": "firebase deploy --only functions",
    "logs": "firebase functions:log"
  },
  "engines": {
    "node": "16"
  },
  "main": "index.js",
  "type": "module",
  "dependencies": {
    "firebase-admin": "^11.5.0",
    "firebase-functions": "^4.2.0"
  },
  "devDependencies": {
    "firebase-functions-test": "^3.0.0"
  },
  "private": true
}
[debug] [2023-03-20T03:40:22.798Z] Building nodejs source
[debug] [2023-03-20T03:40:22.799Z] Could not find functions.yaml. Must use http discovery
[debug] [2023-03-20T03:40:22.803Z] Found firebase-functions binary at '/Users/choejiyeon/Desktop/Outsourcing/K&C CAPITAL MANAGEMENT/functions/node_modules/.bin/firebase-functions'
[debug] [2023-03-20T03:40:22.896Z] Serving at port 8570

[debug] [2023-03-20T03:40:23.027Z] Got response from /__/functions.yaml {"endpoints":{"hello":{"platform":"gcfv1","availableMemoryMb":null,"timeoutSeconds":null,"minInstances":null,"maxInstances":null,"ingressSettings":null,"serviceAccountEmail":null,"vpc":null,"region":["australia-southeast1"],"httpsTrigger":{},"entryPoint":"hello"}},"specVersion":"v1alpha1","requiredAPIs":[]}
[debug] [2023-03-20T03:40:23.031Z] shutdown requested via /__/quitquitquit

[info] i  functions: preparing functions directory for uploading... 
[info] i  functions: packaged /Users/choejiyeon/Desktop/Outsourcing/K&C CAPITAL MANAGEMENT/functions (65.04 KB) for uploading 
[debug] [2023-03-20T03:40:23.056Z] >>> [apiv2][query] GET https://cloudfunctions.googleapis.com/v1/projects/send-email-134f4/locations/-/functions [none]
[debug] [2023-03-20T03:40:23.647Z] <<< [apiv2][status] GET https://cloudfunctions.googleapis.com/v1/projects/send-email-134f4/locations/-/functions 200
[debug] [2023-03-20T03:40:23.648Z] <<< [apiv2][body] GET https://cloudfunctions.googleapis.com/v1/projects/send-email-134f4/locations/-/functions {"functions":[{"name":"projects/send-email-134f4/locations/australia-southeast1/functions/hello","httpsTrigger":{"url":"https://australia-southeast1-send-email-134f4.cloudfunctions.net/hello","securityLevel":"SECURE_ALWAYS"},"status":"OFFLINE","entryPoint":"hello","timeout":"60s","availableMemoryMb":256,"serviceAccountEmail":"send-email-134f4@appspot.gserviceaccount.com","updateTime":"2023-03-20T03:37:40.675Z","versionId":"1","labels":{"deployment-tool":"cli-firebase","firebase-functions-hash":"bbb49deb7d8d1546cc05c891876869bfa65c27b7"},"sourceUploadUrl":"https://storage.googleapis.com/uploads-36592679784.australia-southeast1.cloudfunctions.appspot.com/1b5cc79a-00dc-450f-93c3-04ea3c6399d2.zip","environmentVariables":{"FIREBASE_CONFIG":"{\"projectId\":\"send-email-134f4\",\"storageBucket\":\"send-email-134f4.appspot.com\"}","GCLOUD_PROJECT":"send-email-134f4","EVENTARC_CLOUD_EVENT_SOURCE":"projects/send-email-134f4/locations/australia-southeast1/functions/hello"},"runtime":"nodejs16","ingressSettings":"ALLOW_ALL","buildId":"fa341269-d24c-45d3-b701-727253648ab5","buildName":"projects/258460552054/locations/australia-southeast1/builds/fa341269-d24c-45d3-b701-727253648ab5","dockerRegistry":"ARTIFACT_REGISTRY"}]}
[debug] [2023-03-20T03:40:23.649Z] >>> [apiv2][query] GET https://cloudfunctions.googleapis.com/v2/projects/send-email-134f4/locations/-/functions filter=environment%3D%22GEN_2%22
